This is XeTeX, Version 3.1415926-2.3-0.9997.5 (MiKTeX 2.9) (preloaded format=xelatex 2017.8.31)  5 SEP 2017 10:28
entering extended mode
**math.tex
(F:\github\LaTeX\tutorials\chap02\math.tex
LaTeX2e <2011/06/27>
Babel <v3.8m> and hyphenation patterns for loaded.
(G:\latex\CTEX\MiKTeX\tex\latex\base\article.cls
Document Class: article 2007/10/19 v1.4h Standard LaTeX document class
(G:\latex\CTEX\MiKTeX\tex\latex\base\size10.clo
File: size10.clo 2007/10/19 v1.4h Standard LaTeX file (size option)
)
\c@part=\count80
\c@section=\count81
\c@subsection=\count82
\c@subsubsection=\count83
\c@paragraph=\count84
\c@subparagraph=\count85
\c@figure=\count86
\c@table=\count87
\abovecaptionskip=\skip41
\belowcaptionskip=\skip42
\bibindent=\dimen102
)
(G:\latex\CTEX\MiKTeX\tex\latex\ams\math\amsmath.sty
Package: amsmath 2000/07/18 v2.13 AMS math features
\@mathmargin=\skip43

For additional information on amsmath, use the `?' option.
(G:\latex\CTEX\MiKTeX\tex\latex\ams\math\amstext.sty
Package: amstext 2000/06/29 v2.01

(G:\latex\CTEX\MiKTeX\tex\latex\ams\math\amsgen.sty
File: amsgen.sty 1999/11/30 v2.0
\@emptytoks=\toks14
\ex@=\dimen103
))
(G:\latex\CTEX\MiKTeX\tex\latex\ams\math\amsbsy.sty
Package: amsbsy 1999/11/29 v1.2d
\pmbraise@=\dimen104
)
(G:\latex\CTEX\MiKTeX\tex\latex\ams\math\amsopn.sty
Package: amsopn 1999/12/14 v2.01 operator names
)
\inf@bad=\count88
LaTeX Info: Redefining \frac on input line 211.
\uproot@=\count89
\leftroot@=\count90
LaTeX Info: Redefining \overline on input line 307.
\classnum@=\count91
\DOTSCASE@=\count92
LaTeX Info: Redefining \ldots on input line 379.
LaTeX Info: Redefining \dots on input line 382.
LaTeX Info: Redefining \cdots on input line 467.
\Mathstrutbox@=\box26
\strutbox@=\box27
\big@size=\dimen105
LaTeX Font Info:    Redeclaring font encoding OML on input line 567.
LaTeX Font Info:    Redeclaring font encoding OMS on input line 568.
\macc@depth=\count93
\c@MaxMatrixCols=\count94
\dotsspace@=\muskip10
\c@parentequation=\count95
\dspbrk@lvl=\count96
\tag@help=\toks15
\row@=\count97
\column@=\count98
\maxfields@=\count99
\andhelp@=\toks16
\eqnshift@=\dimen106
\alignsep@=\dimen107
\tagshift@=\dimen108
\tagwidth@=\dimen109
\totwidth@=\dimen110
\lineht@=\dimen111
\@envbody=\toks17
\multlinegap=\skip44
\multlinetaggap=\skip45
\mathdisplay@stack=\toks18
LaTeX Info: Redefining \[ on input line 2666.
LaTeX Info: Redefining \] on input line 2667.
)
(G:\latex\CTEX\MiKTeX\tex\latex\l3packages\xfrac\xfrac.sty
(G:\latex\CTEX\MiKTeX\tex\latex\graphics\graphicx.sty
Package: graphicx 1999/02/16 v1.0f Enhanced LaTeX Graphics (DPC,SPQR)

(G:\latex\CTEX\MiKTeX\tex\latex\graphics\keyval.sty
Package: keyval 1999/03/16 v1.13 key=value parser (DPC)
\KV@toks@=\toks19
)
(G:\latex\CTEX\MiKTeX\tex\latex\graphics\graphics.sty
Package: graphics 2009/02/05 v1.0o Standard LaTeX Graphics (DPC,SPQR)

(G:\latex\CTEX\MiKTeX\tex\latex\graphics\trig.sty
Package: trig 1999/03/16 v1.09 sin cos tan (DPC)
)
(G:\latex\CTEX\MiKTeX\tex\latex\00miktex\graphics.cfg
File: graphics.cfg 2007/01/18 v1.5 graphics configuration of teTeX/TeXLive
)
Package graphics Info: Driver file: xetex.def on input line 91.

(G:\latex\CTEX\MiKTeX\tex\xelatex\xetex-def\xetex.def
File: xetex.def 2009/11/22 v0.94 LaTeX color/graphics driver for XeTeX (RRM/JK)

))
\Gin@req@height=\dimen112
\Gin@req@width=\dimen113
)
(G:\latex\CTEX\MiKTeX\tex\latex\l3packages\l3keys2e\l3keys2e.sty
(G:\latex\CTEX\MiKTeX\tex\latex\l3kernel\expl3.sty
(G:\latex\CTEX\MiKTeX\tex\latex\l3kernel\l3names.sty
(G:\latex\CTEX\MiKTeX\tex\latex\l3kernel\l3bootstrap.sty
Package: l3bootstrap 2011/12/29 v3110 L3 Experimental bootstrap code
)
Package: l3names 2011/12/30 v3113 L3 Experimental namespace for primitives
)
(G:\latex\CTEX\MiKTeX\tex\latex\misc\etex.sty
Package: etex 1998/03/26 v2.0 eTeX basic definition package (PEB)
\et@xins=\count100
)
Package: expl3 2012/02/26 v3471 L3 Experimental code bundle wrapper

(G:\latex\CTEX\MiKTeX\tex\latex\graphics\color.sty
Package: color 2005/11/14 v1.0j Standard LaTeX Color (DPC)

(G:\latex\CTEX\MiKTeX\tex\latex\00miktex\color.cfg
File: color.cfg 2007/01/18 v1.5 color configuration of teTeX/TeXLive
)
Package color Info: Driver file: xetex.def on input line 130.
)
(G:\latex\CTEX\MiKTeX\tex\latex\l3kernel\l3basics.sty
Package: l3basics 2012/02/26 v3460 L3 Experimental basic definitions
)
(G:\latex\CTEX\MiKTeX\tex\latex\l3kernel\l3expan.sty
Package: l3expan 2012/02/26 v3460 L3 Experimental argument expansion
)
(G:\latex\CTEX\MiKTeX\tex\latex\l3kernel\l3tl.sty
Package: l3tl 2012/02/26 v3460 L3 Experimental token lists
)
(G:\latex\CTEX\MiKTeX\tex\latex\l3kernel\l3seq.sty
Package: l3seq 2012/01/09 v3158 L3 Experimental sequences and stacks
)
(G:\latex\CTEX\MiKTeX\tex\latex\l3kernel\l3int.sty
Package: l3int 2012/02/26 v3460 L3 Experimental integers
\c_max_int=\count101
\l_tmpa_int=\count102
\l_tmpb_int=\count103
\l_tmpc_int=\count104
\g_tmpa_int=\count105
\g_tmpb_int=\count106
)
(G:\latex\CTEX\MiKTeX\tex\latex\l3kernel\l3quark.sty
Package: l3quark 2012/02/12 v3384 L3 Experimental quarks
)
(G:\latex\CTEX\MiKTeX\tex\latex\l3kernel\l3prg.sty
Package: l3prg 2012/02/26 v3464 L3 Experimental control structures
\g_prg_map_int=\count107
)
(G:\latex\CTEX\MiKTeX\tex\latex\l3kernel\l3clist.sty
Package: l3clist 2012/02/26 v3460 L3 Experimental comma separated lists
)
(G:\latex\CTEX\MiKTeX\tex\latex\l3kernel\l3token.sty
Package: l3token 2012/02/26 v3460 L3 Experimental token manipulation
)
(G:\latex\CTEX\MiKTeX\tex\latex\l3kernel\l3prop.sty
Package: l3prop 2012/02/26 v3460 L3 Experimental property lists
)
(G:\latex\CTEX\MiKTeX\tex\latex\l3kernel\l3msg.sty
Package: l3msg 2012/02/26 v3470 L3 Experimental messages
)
(G:\latex\CTEX\MiKTeX\tex\latex\l3kernel\l3file.sty
Package: l3file 2012/02/26 v3464 L3 Experimental file and I/O operations
\l_iow_stream_int=\count108
\l_iow_line_length_int=\count109
\l_iow_target_length_int=\count110
\l_iow_current_line_int=\count111
\l_iow_current_word_int=\count112
\l_iow_current_indentation_int=\count113
)
(G:\latex\CTEX\MiKTeX\tex\latex\l3kernel\l3skip.sty
Package: l3skip 2012/02/26 v3460 L3 Experimental dimensions and skips
\l_tmpa_dim=\dimen114
\l_tmpb_dim=\dimen115
\l_tmpc_dim=\dimen116
\g_tmpa_dim=\dimen117
\g_tmpb_dim=\dimen118
\l_tmpa_skip=\skip46
\l_tmpb_skip=\skip47
\l_tmpc_skip=\skip48
\g_tmpa_skip=\skip49
\g_tmpb_skip=\skip50
)
(G:\latex\CTEX\MiKTeX\tex\latex\l3kernel\l3keys.sty
Package: l3keys 2011/12/22 v3086 L3 Experimental key-value interfaces
\g_keyval_level_int=\count114
\l_keys_choice_int=\count115
)
(G:\latex\CTEX\MiKTeX\tex\latex\l3kernel\l3fp.sty
Package: l3fp 2012/02/06 v3315 L3 Experimental floating-point operations
\c_one_hundred_million=\count116
\c_five_hundred_million=\count117
\c_one_thousand_million=\count118
\c_fp_pi_by_four_decimal_int=\count119
\c_fp_pi_by_four_extended_int=\count120
\c_fp_pi_decimal_int=\count121
\c_fp_pi_extended_int=\count122
\c_fp_two_pi_decimal_int=\count123
\c_fp_two_pi_extended_int=\count124
\l_fp_count_int=\count125
\l_fp_div_offset_int=\count126
\l_fp_exp_integer_int=\count127
\l_fp_exp_decimal_int=\count128
\l_fp_exp_extended_int=\count129
\l_fp_exp_exponent_int=\count130
\l_fp_input_a_sign_int=\count131
\l_fp_input_a_integer_int=\count132
\l_fp_input_a_decimal_int=\count133
\l_fp_input_a_exponent_int=\count134
\l_fp_input_b_sign_int=\count135
\l_fp_input_b_integer_int=\count136
\l_fp_input_b_decimal_int=\count137
\l_fp_input_b_exponent_int=\count138
\l_fp_input_a_extended_int=\count139
\l_fp_input_b_extended_int=\count140
\l_fp_mul_a_i_int=\count141
\l_fp_mul_a_ii_int=\count142
\l_fp_mul_a_iii_int=\count143
\l_fp_mul_a_iv_int=\count144
\l_fp_mul_a_v_int=\count145
\l_fp_mul_a_vi_int=\count146
\l_fp_mul_b_i_int=\count147
\l_fp_mul_b_ii_int=\count148
\l_fp_mul_b_iii_int=\count149
\l_fp_mul_b_iv_int=\count150
\l_fp_mul_b_v_int=\count151
\l_fp_mul_b_vi_int=\count152
\l_fp_mul_output_int=\count153
\l_fp_output_sign_int=\count154
\l_fp_output_integer_int=\count155
\l_fp_output_decimal_int=\count156
\l_fp_output_exponent_int=\count157
\l_fp_output_extended_int=\count158
\l_fp_round_position_int=\count159
\l_fp_round_target_int=\count160
\l_fp_split_sign_int=\count161
\l_fp_internal_int=\count162
\l_fp_trig_octant_int=\count163
\l_fp_trig_sign_int=\count164
\l_fp_trig_decimal_int=\count165
\l_fp_trig_extended_int=\count166
\l_fp_internal_dim=\dimen119
\l_fp_internal_skip=\skip51
)
(G:\latex\CTEX\MiKTeX\tex\latex\l3kernel\l3box.sty
Package: l3box 2012/02/18 v3432 L3 Experimental boxes
\l_tmpb_box=\box28
\l_box_top_dim=\dimen120
\l_box_bottom_dim=\dimen121
\l_box_left_dim=\dimen122
\l_box_right_dim=\dimen123
\l_box_top_new_dim=\dimen124
\l_box_bottom_new_dim=\dimen125
\l_box_left_new_dim=\dimen126
\l_box_right_new_dim=\dimen127
\l_box_internal_box=\box29
)
(G:\latex\CTEX\MiKTeX\tex\latex\l3kernel\l3coffins.sty
Package: l3coffins 2012/02/26 v3460 L3 Experimental coffin code layer
\l_coffin_internal_box=\box30
\l_coffin_internal_dim=\dimen128
\l_coffin_offset_x_dim=\dimen129
\l_coffin_offset_y_dim=\dimen130
\l_coffin_x_dim=\dimen131
\l_coffin_y_dim=\dimen132
\l_coffin_x_prime_dim=\dimen133
\l_coffin_y_prime_dim=\dimen134
\l_coffin_Depth_dim=\dimen135
\l_coffin_Height_dim=\dimen136
\l_coffin_TotalHeight_dim=\dimen137
\l_coffin_Width_dim=\dimen138
\c_empty_coffin=\box31
\l_coffin_aligned_coffin=\box32
\l_coffin_aligned_internal_coffin=\box33
\l_coffin_bounding_shift_dim=\dimen139
\l_coffin_left_corner_dim=\dimen140
\l_coffin_right_corner_dim=\dimen141
\l_coffin_bottom_corner_dim=\dimen142
\l_coffin_top_corner_dim=\dimen143
\l_coffin_scaled_total_height_dim=\dimen144
\l_coffin_scaled_width_dim=\dimen145
\l_coffin_display_coffin=\box34
\l_coffin_display_coord_coffin=\box35
\l_coffin_display_pole_coffin=\box36
\l_coffin_display_offset_dim=\dimen146
\l_coffin_display_x_dim=\dimen147
\l_coffin_display_y_dim=\dimen148
)
(G:\latex\CTEX\MiKTeX\tex\latex\l3kernel\l3color.sty
Package: l3color 2011/09/07 v2776 L3 Experimental colour support
)
(G:\latex\CTEX\MiKTeX\tex\latex\l3kernel\l3luatex.sty
Package: l3luatex 2012/02/09 v3355 L3 Experimental LuaTeX-specific functions
\g_cctab_allocate_int=\count167
\g_cctab_stack_int=\count168
))
(G:\latex\CTEX\MiKTeX\tex\latex\l3packages\xparse\xparse.sty
Package: xparse 2012/02/26 v3471 L3 Experimental document command parser
\l_xparse_current_arg_int=\count169
\l_xparse_m_args_int=\count170
\l_xparse_mandatory_args_int=\count171
\l_xparse_processor_int=\count172
\l_xparse_v_nesting_int=\count173
)
Package: l3keys2e 2012/02/26 v3471 LaTeX2e option processing using LaTeX3 keys
)
(G:\latex\CTEX\MiKTeX\tex\latex\base\textcomp.sty
Package: textcomp 2005/09/27 v1.99g Standard LaTeX package
Package textcomp Info: Sub-encoding information:
(textcomp)               5 = only ISO-Adobe without \textcurrency
(textcomp)               4 = 5 + \texteuro
(textcomp)               3 = 4 + \textohm
(textcomp)               2 = 3 + \textestimated + \textcurrency
(textcomp)               1 = TS1 - \textcircled - \t
(textcomp)               0 = TS1 (full)
(textcomp)             Font families with sub-encoding setting implement
(textcomp)             only a restricted character set as indicated.
(textcomp)             Family '?' is the default used for unknown fonts.
(textcomp)             See the documentation for details.
Package textcomp Info: Setting ? sub-encoding to TS1/1 on input line 71.

(G:\latex\CTEX\MiKTeX\tex\latex\base\ts1enc.def
File: ts1enc.def 2001/06/05 v3.0e (jk/car/fm) Standard LaTeX file
)
LaTeX Info: Redefining \oldstylenums on input line 266.
Package textcomp Info: Setting cmr sub-encoding to TS1/0 on input line 281.
Package textcomp Info: Setting cmss sub-encoding to TS1/0 on input line 282.
Package textcomp Info: Setting cmtt sub-encoding to TS1/0 on input line 283.
Package textcomp Info: Setting cmvtt sub-encoding to TS1/0 on input line 284.
Package textcomp Info: Setting cmbr sub-encoding to TS1/0 on input line 285.
Package textcomp Info: Setting cmtl sub-encoding to TS1/0 on input line 286.
Package textcomp Info: Setting ccr sub-encoding to TS1/0 on input line 287.
Package textcomp Info: Setting ptm sub-encoding to TS1/4 on input line 288.
Package textcomp Info: Setting pcr sub-encoding to TS1/4 on input line 289.
Package textcomp Info: Setting phv sub-encoding to TS1/4 on input line 290.
Package textcomp Info: Setting ppl sub-encoding to TS1/3 on input line 291.
Package textcomp Info: Setting pag sub-encoding to TS1/4 on input line 292.
Package textcomp Info: Setting pbk sub-encoding to TS1/4 on input line 293.
Package textcomp Info: Setting pnc sub-encoding to TS1/4 on input line 294.
Package textcomp Info: Setting pzc sub-encoding to TS1/4 on input line 295.
Package textcomp Info: Setting bch sub-encoding to TS1/4 on input line 296.
Package textcomp Info: Setting put sub-encoding to TS1/5 on input line 297.
Package textcomp Info: Setting uag sub-encoding to TS1/5 on input line 298.
Package textcomp Info: Setting ugq sub-encoding to TS1/5 on input line 299.
Package textcomp Info: Setting ul8 sub-encoding to TS1/4 on input line 300.
Package textcomp Info: Setting ul9 sub-encoding to TS1/4 on input line 301.
Package textcomp Info: Setting augie sub-encoding to TS1/5 on input line 302.
Package textcomp Info: Setting dayrom sub-encoding to TS1/3 on input line 303.
Package textcomp Info: Setting dayroms sub-encoding to TS1/3 on input line 304.

Package textcomp Info: Setting pxr sub-encoding to TS1/0 on input line 305.
Package textcomp Info: Setting pxss sub-encoding to TS1/0 on input line 306.
Package textcomp Info: Setting pxtt sub-encoding to TS1/0 on input line 307.
Package textcomp Info: Setting txr sub-encoding to TS1/0 on input line 308.
Package textcomp Info: Setting txss sub-encoding to TS1/0 on input line 309.
Package textcomp Info: Setting txtt sub-encoding to TS1/0 on input line 310.
Package textcomp Info: Setting lmr sub-encoding to TS1/0 on input line 311.
Package textcomp Info: Setting lmdh sub-encoding to TS1/0 on input line 312.
Package textcomp Info: Setting lmss sub-encoding to TS1/0 on input line 313.
Package textcomp Info: Setting lmssq sub-encoding to TS1/0 on input line 314.
Package textcomp Info: Setting lmvtt sub-encoding to TS1/0 on input line 315.
Package textcomp Info: Setting qhv sub-encoding to TS1/0 on input line 316.
Package textcomp Info: Setting qag sub-encoding to TS1/0 on input line 317.
Package textcomp Info: Setting qbk sub-encoding to TS1/0 on input line 318.
Package textcomp Info: Setting qcr sub-encoding to TS1/0 on input line 319.
Package textcomp Info: Setting qcs sub-encoding to TS1/0 on input line 320.
Package textcomp Info: Setting qpl sub-encoding to TS1/0 on input line 321.
Package textcomp Info: Setting qtm sub-encoding to TS1/0 on input line 322.
Package textcomp Info: Setting qzc sub-encoding to TS1/0 on input line 323.
Package textcomp Info: Setting qhvc sub-encoding to TS1/0 on input line 324.
Package textcomp Info: Setting futs sub-encoding to TS1/4 on input line 325.
Package textcomp Info: Setting futx sub-encoding to TS1/4 on input line 326.
Package textcomp Info: Setting futj sub-encoding to TS1/4 on input line 327.
Package textcomp Info: Setting hlh sub-encoding to TS1/3 on input line 328.
Package textcomp Info: Setting hls sub-encoding to TS1/3 on input line 329.
Package textcomp Info: Setting hlst sub-encoding to TS1/3 on input line 330.
Package textcomp Info: Setting hlct sub-encoding to TS1/5 on input line 331.
Package textcomp Info: Setting hlx sub-encoding to TS1/5 on input line 332.
Package textcomp Info: Setting hlce sub-encoding to TS1/5 on input line 333.
Package textcomp Info: Setting hlcn sub-encoding to TS1/5 on input line 334.
Package textcomp Info: Setting hlcw sub-encoding to TS1/5 on input line 335.
Package textcomp Info: Setting hlcf sub-encoding to TS1/5 on input line 336.
Package textcomp Info: Setting pplx sub-encoding to TS1/3 on input line 337.
Package textcomp Info: Setting pplj sub-encoding to TS1/3 on input line 338.
Package textcomp Info: Setting ptmx sub-encoding to TS1/4 on input line 339.
Package textcomp Info: Setting ptmj sub-encoding to TS1/4 on input line 340.
)
(G:\latex\CTEX\MiKTeX\tex\latex\l3packages\xtemplate\xtemplate.sty
Package: xtemplate 2012/02/26 v3471 L3 Experimental prototype document function
s
\l_xtemplate_tmp_dim=\dimen149
\l_xtemplate_tmp_int=\count174
\l_xtemplate_tmp_muskip=\muskip11
\l_xtemplate_tmp_skip=\skip52
Variant \prop_get:NoNTF already defined; not changing it on line 105
Variant \prop_get:NoNT already defined; not changing it on line 106
Variant \prop_get:NoNF already defined; not changing it on line 107
)
Package: xfrac 2012/02/26 v3465 L3 Experimental split-level fractions
\l_xfrac_slash_box=\box37
\l_xfrac_tmp_box=\box38
\l_xfrac_denominator_bot_sep_dim=\dimen150
\l_xfrac_numerator_bot_sep_dim=\dimen151
\l_xfrac_numerator_top_sep_dim=\dimen152
\l_xfrac_slash_left_sep_dim=\dimen153
\l_xfrac_slash_right_sep_dim=\dimen154
\l_xfrac_slash_left_muskip=\muskip12
\l_xfrac_slash_right_muskip=\muskip13
.................................................
. xtemplate info: "declare-object-type"
. 
. Declaring object type 'xfrac' taking 3 argument(s) on line 96.
.................................................
.................................................
. LaTeX info: "xparse/define-command"
. 
. Defining document command \sfrac with arg. spec. 'omom' on line 436.
.................................................
)
(G:\latex\CTEX\MiKTeX\tex\latex\was\upgreek.sty
Package: upgreek 2003/02/12 v2.0 (WaS)
Package upgreek Info: Using Euler Roman for upright Greek on input line 31.
\symugrf@m=\mathgroup4
LaTeX Font Info:    Overwriting symbol font `ugrf@m' in version `bold'
(Font)                  U/eur/m/n --> U/eur/b/n on input line 38.
)
(F:\github\LaTeX\tutorials\chap02\math.aux)
LaTeX Font Info:    Checking defaults for OML/cmm/m/it on input line 6.
LaTeX Font Info:    ... okay on input line 6.
LaTeX Font Info:    Checking defaults for T1/cmr/m/n on input line 6.
LaTeX Font Info:    ... okay on input line 6.
LaTeX Font Info:    Checking defaults for OT1/cmr/m/n on input line 6.
LaTeX Font Info:    ... okay on input line 6.
LaTeX Font Info:    Checking defaults for OMS/cmsy/m/n on input line 6.
LaTeX Font Info:    ... okay on input line 6.
LaTeX Font Info:    Checking defaults for OMX/cmex/m/n on input line 6.
LaTeX Font Info:    ... okay on input line 6.
LaTeX Font Info:    Checking defaults for U/cmr/m/n on input line 6.
LaTeX Font Info:    ... okay on input line 6.
LaTeX Font Info:    Checking defaults for TS1/cmr/m/n on input line 6.
LaTeX Font Info:    Try loading font information for TS1+cmr on input line 6.

(G:\latex\CTEX\MiKTeX\tex\latex\base\ts1cmr.fd
File: ts1cmr.fd 1999/05/25 v2.5h Standard LaTeX font definitions
)
LaTeX Font Info:    ... okay on input line 6.
Requested font "cmex7" at 7.0pt
 -> cmex7
Requested font "cmex7" at 5.0pt
 -> cmex7
Requested font "eurm10" at 10.0pt
 -> eurm10
Requested font "eurm7" at 7.0pt
 -> eurm7
Requested font "eurm5" at 5.0pt
 -> eurm5
LaTeX Font Info:    Calculating math sizes for size <6.99997> on input line 25.



LaTeX Font Warning: Font shape `OT1/cmr/m/n' in size <3.49998> not available
(Font)              size <5> substituted on input line 25.


LaTeX Font Warning: Font shape `OML/cmm/m/it' in size <3.49998> not available
(Font)              size <5> substituted on input line 25.


LaTeX Font Warning: Font shape `OMS/cmsy/m/n' in size <3.49998> not available
(Font)              size <5> substituted on input line 25.

Requested font "cmex7" at 6.99997pt
 -> cmex7
Requested font "cmex7" at 4.89995pt
 -> cmex7
Requested font "cmex7" at 3.49998pt
 -> cmex7
Requested font "eurm7" at 6.99997pt
 -> eurm7
Requested font "eurm5" at 4.89995pt
 -> eurm5
Requested font "eurm5" at 3.49998pt
 -> eurm5
Requested font "cmex7" at 4.89998pt
 -> cmex7
Requested font "cmex7" at 3.42996pt
 -> cmex7
Requested font "cmex7" at 2.44998pt
 -> cmex7
Requested font "eurm5" at 4.89998pt
 -> eurm5
Requested font "eurm5" at 3.42996pt
 -> eurm5
Requested font "eurm5" at 2.44998pt
 -> eurm5
Requested font "cmex7" at 2.44997pt
 -> cmex7
Requested font "cmex7" at 1.74998pt
 -> cmex7
Requested font "eurm5" at 2.44997pt
 -> eurm5
Requested font "eurm5" at 1.74998pt
 -> eurm5
[1

] (F:\github\LaTeX\tutorials\chap02\math.aux)

LaTeX Font Warning: Size substitutions with differences
(Font)              up to 3.25002pt have occurred.

 ) 
Here is how much of TeX's memory you used:
 6793 strings out of 430478
 115953 string characters out of 3191352
 161287 words of memory out of 3000000
 9876 multiletter control sequences out of 15000+200000
 9023 words of font info for 35 fonts, out of 3000000 for 9000
 14 hyphenation exceptions out of 8191
 38i,16n,29p,312b,228s stack positions out of 5000i,500n,10000p,200000b,50000s

Output written on math.pdf (1 page).
